<?xml version="1.0" encoding="UTF-8"?>
<!-- Generated by org.testng.reporters.JUnitReportReporter -->
<testsuite hostname="DESKTOP-IG0IM7A" failures="0" tests="1" name="testCases.RegisterTest" time="1.098" errors="0" timestamp="2025-10-26T20:01:32 IST" skipped="0">
  <testcase classname="testCases.RegisterTest" name="verifyUserRegistration" time="1.098"/>
</testsuite> <!-- testCases.RegisterTest -->
